{"/Users/santiagogonzalez/BOTS y SCRIPTS/BriefBoy/briefBoy2/briefboy-app/hooks/briefUtils.ts": {"path":"/Users/santiagogonzalez/BOTS y SCRIPTS/BriefBoy/briefBoy2/briefboy-app/hooks/briefUtils.ts","statementMap":{"0":{"start":{"line":22,"column":0},"end":{"line":22,"column":16}},"1":{"start":{"line":42,"column":0},"end":{"line":42,"column":16}},"2":{"start":{"line":52,"column":0},"end":{"line":52,"column":16}},"3":{"start":{"line":67,"column":0},"end":{"line":67,"column":16}},"4":{"start":{"line":3,"column":13},"end":{"line":20,"column":2}},"5":{"start":{"line":23,"column":2},"end":{"line":23,"column":26}},"6":{"start":{"line":23,"column":14},"end":{"line":23,"column":26}},"7":{"start":{"line":24,"column":2},"end":{"line":24,"column":64}},"8":{"start":{"line":24,"column":33},"end":{"line":24,"column":64}},"9":{"start":{"line":25,"column":2},"end":{"line":37,"column":3}},"10":{"start":{"line":26,"column":4},"end":{"line":29,"column":5}},"11":{"start":{"line":27,"column":6},"end":{"line":27,"column":40}},"12":{"start":{"line":27,"column":28},"end":{"line":27,"column":40}},"13":{"start":{"line":28,"column":6},"end":{"line":28,"column":75}},"14":{"start":{"line":28,"column":29},"end":{"line":28,"column":73}},"15":{"start":{"line":30,"column":4},"end":{"line":35,"column":5}},"16":{"start":{"line":32,"column":6},"end":{"line":34,"column":8}},"17":{"start":{"line":33,"column":8},"end":{"line":33,"column":84}},"18":{"start":{"line":33,"column":37},"end":{"line":33,"column":83}},"19":{"start":{"line":36,"column":4},"end":{"line":36,"column":17}},"20":{"start":{"line":38,"column":2},"end":{"line":38,"column":79}},"21":{"start":{"line":38,"column":33},"end":{"line":38,"column":79}},"22":{"start":{"line":39,"column":2},"end":{"line":39,"column":15}},"23":{"start":{"line":43,"column":2},"end":{"line":43,"column":27}},"24":{"start":{"line":43,"column":14},"end":{"line":43,"column":27}},"25":{"start":{"line":44,"column":2},"end":{"line":48,"column":3}},"26":{"start":{"line":45,"column":4},"end":{"line":47,"column":5}},"27":{"start":{"line":46,"column":6},"end":{"line":46,"column":19}},"28":{"start":{"line":49,"column":2},"end":{"line":49,"column":14}},"29":{"start":{"line":53,"column":2},"end":{"line":53,"column":31}},"30":{"start":{"line":53,"column":15},"end":{"line":53,"column":31}},"31":{"start":{"line":54,"column":2},"end":{"line":54,"column":28}},"32":{"start":{"line":54,"column":15},"end":{"line":54,"column":28}},"33":{"start":{"line":55,"column":2},"end":{"line":57,"column":3}},"34":{"start":{"line":56,"column":4},"end":{"line":56,"column":41}},"35":{"start":{"line":58,"column":2},"end":{"line":60,"column":3}},"36":{"start":{"line":59,"column":4},"end":{"line":59,"column":41}},"37":{"start":{"line":61,"column":2},"end":{"line":63,"column":3}},"38":{"start":{"line":62,"column":4},"end":{"line":62,"column":67}},"39":{"start":{"line":64,"column":2},"end":{"line":64,"column":15}},"40":{"start":{"line":68,"column":2},"end":{"line":68,"column":58}},"41":{"start":{"line":68,"column":30},"end":{"line":68,"column":58}},"42":{"start":{"line":69,"column":22},"end":{"line":69,"column":55}},"43":{"start":{"line":70,"column":2},"end":{"line":84,"column":3}},"44":{"start":{"line":71,"column":4},"end":{"line":83,"column":5}},"45":{"start":{"line":72,"column":22},"end":{"line":72,"column":35}},"46":{"start":{"line":73,"column":21},"end":{"line":73,"column":34}},"47":{"start":{"line":74,"column":6},"end":{"line":80,"column":7}},"48":{"start":{"line":75,"column":8},"end":{"line":75,"column":51}},"49":{"start":{"line":76,"column":13},"end":{"line":80,"column":7}},"50":{"start":{"line":77,"column":8},"end":{"line":77,"column":29}},"51":{"start":{"line":79,"column":8},"end":{"line":79,"column":30}},"52":{"start":{"line":82,"column":6},"end":{"line":82,"column":34}},"53":{"start":{"line":85,"column":2},"end":{"line":89,"column":3}},"54":{"start":{"line":86,"column":4},"end":{"line":88,"column":5}},"55":{"start":{"line":87,"column":6},"end":{"line":87,"column":34}},"56":{"start":{"line":90,"column":2},"end":{"line":90,"column":16}}},"fnMap":{"0":{"name":"isFieldPoor","decl":{"start":{"line":22,"column":16},"end":{"line":22,"column":27}},"loc":{"start":{"line":22,"column":38},"end":{"line":40,"column":1}}},"1":{"name":"(anonymous_1)","decl":{"start":{"line":28,"column":24},"end":{"line":28,"column":25}},"loc":{"start":{"line":28,"column":29},"end":{"line":28,"column":73}}},"2":{"name":"(anonymous_2)","decl":{"start":{"line":32,"column":24},"end":{"line":32,"column":27}},"loc":{"start":{"line":33,"column":8},"end":{"line":33,"column":84}}},"3":{"name":"(anonymous_3)","decl":{"start":{"line":33,"column":32},"end":{"line":33,"column":33}},"loc":{"start":{"line":33,"column":37},"end":{"line":33,"column":83}}},"4":{"name":"isBriefComplete","decl":{"start":{"line":42,"column":16},"end":{"line":42,"column":31}},"loc":{"start":{"line":42,"column":42},"end":{"line":50,"column":1}}},"5":{"name":"isBetter","decl":{"start":{"line":52,"column":16},"end":{"line":52,"column":24}},"loc":{"start":{"line":52,"column":49},"end":{"line":65,"column":1}}},"6":{"name":"mergeBriefs","decl":{"start":{"line":67,"column":16},"end":{"line":67,"column":27}},"loc":{"start":{"line":67,"column":56},"end":{"line":91,"column":1}}}},"branchMap":{"0":{"loc":{"start":{"line":23,"column":2},"end":{"line":23,"column":26}},"type":"if","locations":[{"start":{"line":23,"column":2},"end":{"line":23,"column":26}},{"start":{},"end":{}}]},"1":{"loc":{"start":{"line":24,"column":2},"end":{"line":24,"column":64}},"type":"if","locations":[{"start":{"line":24,"column":2},"end":{"line":24,"column":64}},{"start":{},"end":{}}]},"2":{"loc":{"start":{"line":25,"column":2},"end":{"line":37,"column":3}},"type":"if","locations":[{"start":{"line":25,"column":2},"end":{"line":37,"column":3}},{"start":{},"end":{}}]},"3":{"loc":{"start":{"line":26,"column":4},"end":{"line":29,"column":5}},"type":"if","locations":[{"start":{"line":26,"column":4},"end":{"line":29,"column":5}},{"start":{},"end":{}}]},"4":{"loc":{"start":{"line":27,"column":6},"end":{"line":27,"column":40}},"type":"if","locations":[{"start":{"line":27,"column":6},"end":{"line":27,"column":40}},{"start":{},"end":{}}]},"5":{"loc":{"start":{"line":28,"column":29},"end":{"line":28,"column":73}},"type":"binary-expr","locations":[{"start":{"line":28,"column":29},"end":{"line":28,"column":50}},{"start":{"line":28,"column":54},"end":{"line":28,"column":73}}]},"6":{"loc":{"start":{"line":30,"column":4},"end":{"line":35,"column":5}},"type":"if","locations":[{"start":{"line":30,"column":4},"end":{"line":35,"column":5}},{"start":{},"end":{}}]},"7":{"loc":{"start":{"line":33,"column":37},"end":{"line":33,"column":83}},"type":"cond-expr","locations":[{"start":{"line":33,"column":61},"end":{"line":33,"column":75}},{"start":{"line":33,"column":78},"end":{"line":33,"column":83}}]},"8":{"loc":{"start":{"line":38,"column":2},"end":{"line":38,"column":79}},"type":"if","locations":[{"start":{"line":38,"column":2},"end":{"line":38,"column":79}},{"start":{},"end":{}}]},"9":{"loc":{"start":{"line":43,"column":2},"end":{"line":43,"column":27}},"type":"if","locations":[{"start":{"line":43,"column":2},"end":{"line":43,"column":27}},{"start":{},"end":{}}]},"10":{"loc":{"start":{"line":45,"column":4},"end":{"line":47,"column":5}},"type":"if","locations":[{"start":{"line":45,"column":4},"end":{"line":47,"column":5}},{"start":{},"end":{}}]},"11":{"loc":{"start":{"line":53,"column":2},"end":{"line":53,"column":31}},"type":"if","locations":[{"start":{"line":53,"column":2},"end":{"line":53,"column":31}},{"start":{},"end":{}}]},"12":{"loc":{"start":{"line":54,"column":2},"end":{"line":54,"column":28}},"type":"if","locations":[{"start":{"line":54,"column":2},"end":{"line":54,"column":28}},{"start":{},"end":{}}]},"13":{"loc":{"start":{"line":55,"column":2},"end":{"line":57,"column":3}},"type":"if","locations":[{"start":{"line":55,"column":2},"end":{"line":57,"column":3}},{"start":{},"end":{}}]},"14":{"loc":{"start":{"line":55,"column":6},"end":{"line":55,"column":62}},"type":"binary-expr","locations":[{"start":{"line":55,"column":6},"end":{"line":55,"column":32}},{"start":{"line":55,"column":36},"end":{"line":55,"column":62}}]},"15":{"loc":{"start":{"line":58,"column":2},"end":{"line":60,"column":3}},"type":"if","locations":[{"start":{"line":58,"column":2},"end":{"line":60,"column":3}},{"start":{},"end":{}}]},"16":{"loc":{"start":{"line":58,"column":6},"end":{"line":58,"column":52}},"type":"binary-expr","locations":[{"start":{"line":58,"column":6},"end":{"line":58,"column":27}},{"start":{"line":58,"column":31},"end":{"line":58,"column":52}}]},"17":{"loc":{"start":{"line":61,"column":2},"end":{"line":63,"column":3}},"type":"if","locations":[{"start":{"line":61,"column":2},"end":{"line":63,"column":3}},{"start":{},"end":{}}]},"18":{"loc":{"start":{"line":61,"column":6},"end":{"line":61,"column":62}},"type":"binary-expr","locations":[{"start":{"line":61,"column":6},"end":{"line":61,"column":32}},{"start":{"line":61,"column":36},"end":{"line":61,"column":62}}]},"19":{"loc":{"start":{"line":68,"column":2},"end":{"line":68,"column":58}},"type":"if","locations":[{"start":{"line":68,"column":2},"end":{"line":68,"column":58}},{"start":{},"end":{}}]},"20":{"loc":{"start":{"line":68,"column":6},"end":{"line":68,"column":28}},"type":"binary-expr","locations":[{"start":{"line":68,"column":6},"end":{"line":68,"column":15}},{"start":{"line":68,"column":19},"end":{"line":68,"column":28}}]},"21":{"loc":{"start":{"line":68,"column":37},"end":{"line":68,"column":57}},"type":"binary-expr","locations":[{"start":{"line":68,"column":37},"end":{"line":68,"column":45}},{"start":{"line":68,"column":49},"end":{"line":68,"column":57}}]},"22":{"loc":{"start":{"line":69,"column":22},"end":{"line":69,"column":55}},"type":"cond-expr","locations":[{"start":{"line":69,"column":48},"end":{"line":69,"column":50}},{"start":{"line":69,"column":53},"end":{"line":69,"column":55}}]},"23":{"loc":{"start":{"line":71,"column":4},"end":{"line":83,"column":5}},"type":"if","locations":[{"start":{"line":71,"column":4},"end":{"line":83,"column":5}},{"start":{"line":81,"column":11},"end":{"line":83,"column":5}}]},"24":{"loc":{"start":{"line":74,"column":6},"end":{"line":80,"column":7}},"type":"if","locations":[{"start":{"line":74,"column":6},"end":{"line":80,"column":7}},{"start":{"line":76,"column":13},"end":{"line":80,"column":7}}]},"25":{"loc":{"start":{"line":74,"column":10},"end":{"line":74,"column":106}},"type":"binary-expr","locations":[{"start":{"line":74,"column":10},"end":{"line":74,"column":37}},{"start":{"line":74,"column":41},"end":{"line":74,"column":57}},{"start":{"line":74,"column":61},"end":{"line":74,"column":87}},{"start":{"line":74,"column":91},"end":{"line":74,"column":106}}]},"26":{"loc":{"start":{"line":76,"column":13},"end":{"line":80,"column":7}},"type":"if","locations":[{"start":{"line":76,"column":13},"end":{"line":80,"column":7}},{"start":{"line":78,"column":13},"end":{"line":80,"column":7}}]},"27":{"loc":{"start":{"line":86,"column":4},"end":{"line":88,"column":5}},"type":"if","locations":[{"start":{"line":86,"column":4},"end":{"line":88,"column":5}},{"start":{},"end":{}}]}},"s":{"0":1,"1":1,"2":1,"3":1,"4":1,"5":72,"6":3,"7":69,"8":25,"9":44,"10":36,"11":34,"12":1,"13":33,"14":66,"15":2,"16":2,"17":4,"18":12,"19":0,"20":8,"21":8,"22":0,"23":3,"24":0,"25":3,"26":34,"27":1,"28":2,"29":8,"30":0,"31":8,"32":0,"33":8,"34":5,"35":3,"36":2,"37":1,"38":1,"39":0,"40":2,"41":0,"42":2,"43":2,"44":4,"45":4,"46":4,"47":4,"48":1,"49":3,"50":2,"51":1,"52":0,"53":2,"54":6,"55":2,"56":2},"f":{"0":72,"1":66,"2":4,"3":12,"4":3,"5":8,"6":2},"b":{"0":[3,69],"1":[25,44],"2":[36,8],"3":[34,2],"4":[1,33],"5":[66,66],"6":[2,0],"7":[8,4],"8":[8,0],"9":[0,3],"10":[1,33],"11":[0,8],"12":[0,8],"13":[5,3],"14":[8,5],"15":[2,1],"16":[3,2],"17":[1,0],"18":[1,1],"19":[0,2],"20":[2,2],"21":[0,0],"22":[0,2],"23":[4,0],"24":[1,3],"25":[4,1,1,1],"26":[2,1],"27":[2,4]}}
}
