TN:
SF:hooks/briefUtils.ts
FN:22,isFieldPoor
FN:28,(anonymous_1)
FN:32,(anonymous_2)
FN:33,(anonymous_3)
FN:42,isBriefComplete
FN:52,isBetter
FN:67,mergeBriefs
FNF:7
FNH:7
FNDA:72,isFieldPoor
FNDA:66,(anonymous_1)
FNDA:4,(anonymous_2)
FNDA:12,(anonymous_3)
FNDA:3,isBriefComplete
FNDA:8,isBetter
FNDA:2,mergeBriefs
DA:3,1
DA:22,1
DA:23,72
DA:24,69
DA:25,44
DA:26,36
DA:27,34
DA:28,66
DA:30,2
DA:32,2
DA:33,12
DA:36,0
DA:38,8
DA:39,0
DA:42,1
DA:43,3
DA:44,3
DA:45,34
DA:46,1
DA:49,2
DA:52,1
DA:53,8
DA:54,8
DA:55,8
DA:56,5
DA:58,3
DA:59,2
DA:61,1
DA:62,1
DA:64,0
DA:67,1
DA:68,2
DA:69,2
DA:70,2
DA:71,4
DA:72,4
DA:73,4
DA:74,4
DA:75,1
DA:76,3
DA:77,2
DA:79,1
DA:82,0
DA:85,2
DA:86,6
DA:87,2
DA:90,2
LF:47
LH:43
BRDA:23,0,0,3
BRDA:23,0,1,69
BRDA:24,1,0,25
BRDA:24,1,1,44
BRDA:25,2,0,36
BRDA:25,2,1,8
BRDA:26,3,0,34
BRDA:26,3,1,2
BRDA:27,4,0,1
BRDA:27,4,1,33
BRDA:28,5,0,66
BRDA:28,5,1,66
BRDA:30,6,0,2
BRDA:30,6,1,0
BRDA:33,7,0,8
BRDA:33,7,1,4
BRDA:38,8,0,8
BRDA:38,8,1,0
BRDA:43,9,0,0
BRDA:43,9,1,3
BRDA:45,10,0,1
BRDA:45,10,1,33
BRDA:53,11,0,0
BRDA:53,11,1,8
BRDA:54,12,0,0
BRDA:54,12,1,8
BRDA:55,13,0,5
BRDA:55,13,1,3
BRDA:55,14,0,8
BRDA:55,14,1,5
BRDA:58,15,0,2
BRDA:58,15,1,1
BRDA:58,16,0,3
BRDA:58,16,1,2
BRDA:61,17,0,1
BRDA:61,17,1,0
BRDA:61,18,0,1
BRDA:61,18,1,1
BRDA:68,19,0,0
BRDA:68,19,1,2
BRDA:68,20,0,2
BRDA:68,20,1,2
BRDA:68,21,0,0
BRDA:68,21,1,0
BRDA:69,22,0,0
BRDA:69,22,1,2
BRDA:71,23,0,4
BRDA:71,23,1,0
BRDA:74,24,0,1
BRDA:74,24,1,3
BRDA:74,25,0,4
BRDA:74,25,1,1
BRDA:74,25,2,1
BRDA:74,25,3,1
BRDA:76,26,0,2
BRDA:76,26,1,1
BRDA:86,27,0,2
BRDA:86,27,1,4
BRF:58
BRH:47
end_of_record
